#
# There is insufficient memory for the Java Runtime Environment to continue.
# Native memory allocation (mmap) failed to map 134217728 bytes for Failed to commit area from 0x0000000081600000 to 0x0000000089600000 of length 134217728.
# Possible reasons:
#   The system is out of physical RAM or swap space
#   The process is running with CompressedOops enabled, and the Java Heap may be blocking the growth of the native heap
# Possible solutions:
#   Reduce memory load on the system
#   Increase physical memory or swap space
#   Check if swap backing store is full
#   Decrease Java heap size (-Xmx/-Xms)
#   Decrease number of Java threads
#   Decrease Java thread stack sizes (-Xss)
#   Set larger code cache with -XX:ReservedCodeCacheSize=
# This output file may be truncated or incomplete.
#
#  Out of Memory Error (t:/workspace/open/src/hotspot/os/windows/os_windows.cpp:3301), pid=16996, tid=8600
#
# JRE version:  (13.0.2+8) (build )
# Java VM: Java HotSpot(TM) 64-Bit Server VM (13.0.2+8, mixed mode, sharing, tiered, compressed oops, g1 gc, windows-amd64)
# No core dump will be written. Minidumps are not enabled by default on client versions of Windows
#

---------------  S U M M A R Y ------------

Command Line: -agentlib:jdwp=transport=dt_socket,server=n,suspend=y,address=localhost:58680 -Dfile.encoding=UTF-8 com.tts.tech_talent_twitter.DemoApplication

Host: Intel(R) Core(TM) i5-4310U CPU @ 2.00GHz, 4 cores, 7G,  Windows 10 , 64 bit Build 18362 (10.0.18362.959)
Time: Wed Jul 29 11:33:48 2020 Eastern Daylight Time elapsed time: 0 seconds (0d 0h 0m 0s)

---------------  T H R E A D  ---------------

Current thread (0x000002f445ddc000):  JavaThread "Unknown thread" [_thread_in_vm, id=8600, stack(0x000000ffb7300000,0x000000ffb7400000)]

Stack: [0x000000ffb7300000,0x000000ffb7400000]
Native frames: (J=compiled Java code, j=interpreted, Vv=VM code, C=native code)
V  [jvm.dll+0x624f9a]
V  [jvm.dll+0x770cfa]
V  [jvm.dll+0x7724af]
V  [jvm.dll+0x772ab3]
V  [jvm.dll+0x24bf08]
V  [jvm.dll+0x6222aa]
V  [jvm.dll+0x6170b5]
V  [jvm.dll+0x30a88c]
V  [jvm.dll+0x30a6c2]
V  [jvm.dll+0x30fe36]
V  [jvm.dll+0x353f46]
V  [jvm.dll+0x353720]
V  [jvm.dll+0x2e550a]
V  [jvm.dll+0x2e67a2]
V  [jvm.dll+0x74dd78]
V  [jvm.dll+0x361989]
V  [jvm.dll+0x730e65]
V  [jvm.dll+0x3cc53f]
V  [jvm.dll+0x3ce861]
C  [jli.dll+0x51ff]
C  [ucrtbase.dll+0x20e82]
C  [KERNEL32.DLL+0x17bd4]
C  [ntdll.dll+0x6ce51]


---------------  P R O C E S S  ---------------

Threads class SMR info:
_java_thread_list=0x00007ff827fcccb8, length=0, elements={
}

Java Threads: ( => current thread )

Other Threads:
  0x000002f445e1f800 GCTaskThread "GC Thread#0" [stack: 0x000000ffb7400000,0x000000ffb7500000] [id=11880]
  0x000002f445e32000 ConcurrentGCThread "G1 Main Marker" [stack: 0x000000ffb7500000,0x000000ffb7600000] [id=16140]
  0x000002f445e33000 ConcurrentGCThread "G1 Conc#0" [stack: 0x000000ffb7600000,0x000000ffb7700000] [id=8836]

[error occurred during error reporting (printing all threads), id 0xc0000005, EXCEPTION_ACCESS_VIOLATION (0xc0000005) at pc=0x00007ff8278051d7]

VM state:not at safepoint (not fully initialized)

VM Mutex/Monitor currently owned by a thread:  ([mutex/lock_event])
[0x000002f445dd7e50] Heap_lock - owner thread: 0x000002f445ddc000

Heap address: 0x0000000081600000, size: 2026 MB, Compressed Oops mode: Non-zero based: 0x0000000081600000
Narrow klass base: 0x0000000000000000, Narrow klass shift: 0

GC Heap History (0 events):
No events

Deoptimization events (0 events):
No events

Classes unloaded (0 events):
No events

Classes redefined (0 events):
No events

Internal exceptions (0 events):
No events

Events (2 events):
Event: 0.017 Loaded shared library C:\Program Files\Java\jdk-13.0.2\bin\zip.dll
Event: 0.018 Loaded shared library C:\Program Files\Java\jdk-13.0.2\bin\jimage.dll


Dynamic libraries:
0x00007ff6fc130000 - 0x00007ff6fc13f000 	C:\Program Files\Java\jdk-13.0.2\bin\java.exe
0x00007ff87b040000 - 0x00007ff87b230000 	C:\WINDOWS\SYSTEM32\ntdll.dll
0x00007ff87a7d0000 - 0x00007ff87a882000 	C:\WINDOWS\System32\KERNEL32.DLL
0x00007ff878350000 - 0x00007ff8785f4000 	C:\WINDOWS\System32\KERNELBASE.dll
0x00007ff877fc0000 - 0x00007ff8780ba000 	C:\WINDOWS\System32\ucrtbase.dll
0x00007ff863ea0000 - 0x00007ff863eb5000 	C:\Program Files\Java\jdk-13.0.2\bin\VCRUNTIME140.dll
0x00007ff865a70000 - 0x00007ff865a88000 	C:\Program Files\Java\jdk-13.0.2\bin\jli.dll
0x00007ff87a040000 - 0x00007ff87a0e3000 	C:\WINDOWS\System32\ADVAPI32.dll
0x00007ff87a730000 - 0x00007ff87a7ce000 	C:\WINDOWS\System32\msvcrt.dll
0x00007ff87a390000 - 0x00007ff87a427000 	C:\WINDOWS\System32\sechost.dll
0x00007ff87a0f0000 - 0x00007ff87a210000 	C:\WINDOWS\System32\RPCRT4.dll
0x00007ff87ab20000 - 0x00007ff87acb4000 	C:\WINDOWS\System32\USER32.dll
0x00007ff8790c0000 - 0x00007ff8790e1000 	C:\WINDOWS\System32\win32u.dll
0x00007ff87a940000 - 0x00007ff87a966000 	C:\WINDOWS\System32\GDI32.dll
0x00007ff878600000 - 0x00007ff878796000 	C:\WINDOWS\System32\gdi32full.dll
0x00007ff878160000 - 0x00007ff8781fe000 	C:\WINDOWS\System32\msvcp_win.dll
0x00007ff8771c0000 - 0x00007ff877444000 	C:\WINDOWS\WinSxS\amd64_microsoft.windows.common-controls_6595b64144ccf1df_6.0.18362.959_none_e6c7bbbf130c62bb\COMCTL32.dll
0x00007ff87acc0000 - 0x00007ff87aff5000 	C:\WINDOWS\System32\combase.dll
0x00007ff878f30000 - 0x00007ff878fb0000 	C:\WINDOWS\System32\bcryptPrimitives.dll
0x00007ff874f40000 - 0x00007ff874f4a000 	C:\WINDOWS\SYSTEM32\VERSION.dll
0x00007ff87aad0000 - 0x00007ff87aafe000 	C:\WINDOWS\System32\IMM32.DLL
0x00007ff84e400000 - 0x00007ff84e49b000 	C:\Program Files\Java\jdk-13.0.2\bin\msvcp140.dll
0x00007ff827510000 - 0x00007ff82806d000 	C:\Program Files\Java\jdk-13.0.2\bin\server\jvm.dll
0x00007ff8795c0000 - 0x00007ff8795c8000 	C:\WINDOWS\System32\PSAPI.DLL
0x00007ff85f9f0000 - 0x00007ff85f9f9000 	C:\WINDOWS\SYSTEM32\WSOCK32.dll
0x00007ff872f90000 - 0x00007ff872fb4000 	C:\WINDOWS\SYSTEM32\WINMM.dll
0x00007ff87a6c0000 - 0x00007ff87a72f000 	C:\WINDOWS\System32\WS2_32.dll
0x00007ff872f60000 - 0x00007ff872f8d000 	C:\WINDOWS\SYSTEM32\winmmbase.dll
0x00007ff8780c0000 - 0x00007ff87810a000 	C:\WINDOWS\System32\cfgmgr32.dll
0x00007ff877fa0000 - 0x00007ff877fb1000 	C:\WINDOWS\System32\kernel.appcore.dll
0x00007ff877950000 - 0x00007ff877960000 	C:\Program Files\Java\jdk-13.0.2\bin\verify.dll
0x00007ff877a10000 - 0x00007ff877c04000 	C:\WINDOWS\SYSTEM32\DBGHELP.DLL
0x00007ff8775f0000 - 0x00007ff87761a000 	C:\WINDOWS\SYSTEM32\dbgcore.DLL
0x00007ff85c5c0000 - 0x00007ff85c5e6000 	C:\Program Files\Java\jdk-13.0.2\bin\java.dll
0x00007ff857ed0000 - 0x00007ff857f08000 	C:\Program Files\Java\jdk-13.0.2\bin\jdwp.dll
0x00007ff85eb10000 - 0x00007ff85eb27000 	C:\Program Files\Java\jdk-13.0.2\bin\zip.dll
0x00007ff86fd10000 - 0x00007ff86fd1a000 	C:\Program Files\Java\jdk-13.0.2\bin\jimage.dll

dbghelp: loaded successfully - version: 4.0.5 - missing functions: none
symbol engine: initialized successfully - sym options: 0x614 - pdb path: .;C:\Program Files\Java\jdk-13.0.2\bin;C:\WINDOWS\SYSTEM32;C:\WINDOWS\WinSxS\amd64_microsoft.windows.common-controls_6595b64144ccf1df_6.0.18362.959_none_e6c7bbbf130c62bb;C:\Program Files\Java\jdk-13.0.2\bin\server

VM Arguments:
jvm_args: -agentlib:jdwp=transport=dt_socket,server=n,suspend=y,address=localhost:58680 -Dfile.encoding=UTF-8 
java_command: com.tts.tech_talent_twitter.DemoApplication
java_class_path (initial): C:\Users\user\AppData\Local\Temp\cp_chkznv013bbukv9udb7k5oq5r.jar
Launcher Type: SUN_STANDARD

[Global flags]
     intx CICompilerCount                          = 3                                         {product} {ergonomic}
     uint ConcGCThreads                            = 1                                         {product} {ergonomic}
     uint G1ConcRefinementThreads                  = 4                                         {product} {ergonomic}
   size_t G1HeapRegionSize                         = 1048576                                   {product} {ergonomic}
    uintx GCDrainStackTargetSize                   = 64                                        {product} {ergonomic}
   size_t InitialHeapSize                          = 134217728                                 {product} {ergonomic}
   size_t MarkStackSize                            = 4194304                                   {product} {ergonomic}
   size_t MaxHeapSize                              = 2124414976                                {product} {ergonomic}
   size_t MinHeapDeltaBytes                        = 1048576                                   {product} {ergonomic}
   size_t MinHeapSize                              = 8388608                                   {product} {ergonomic}
    uintx NonNMethodCodeHeapSize                   = 5832780                                {pd product} {ergonomic}
    uintx NonProfiledCodeHeapSize                  = 122912730                              {pd product} {ergonomic}
    uintx ProfiledCodeHeapSize                     = 122912730                              {pd product} {ergonomic}
    uintx ReservedCodeCacheSize                    = 251658240                              {pd product} {ergonomic}
     bool SegmentedCodeCache                       = true                                      {product} {ergonomic}
   size_t SoftMaxHeapSize                          = 2124414976                             {manageable} {ergonomic}
     bool UseCompressedClassPointers               = true                                 {lp64_product} {ergonomic}
     bool UseCompressedOops                        = true                                 {lp64_product} {ergonomic}
     bool UseG1GC                                  = true                                      {product} {ergonomic}
     bool UseLargePagesIndividualAllocation        = false                                  {pd product} {ergonomic}

Logging:
Log output configuration:
 #0: stdout all=warning uptime,level,tags
 #1: stderr all=off uptime,level,tags

Environment Variables:
JAVA_HOME=C:\Program Files\Java\jdk-13.0.2
PATH=C:\Program Files\Java\jdk-13.0.2\bin;C:\Program Files (x86)\Common Files\Oracle\Java\javapath;C:\ProgramData\Oracle\Java\javapath;C:\WINDOWS\system32;C:\WINDOWS;C:\WINDOWS\System32\Wbem;C:\WINDOWS\System32\WindowsPowerShell\v1.0\;C:\Program Files\Intel\WiFi\bin\;C:\Program Files\Common Files\Intel\WirelessCommon\;C:\Program Files (x86)\Skype\Phone\;C:\WINDOWS\System32\OpenSSH\;C:\Program Files\nodejs\;C:\Users\user\AppData\Local\Microsoft\WindowsApps;C:\Users\user\AppData\Roaming\npm;C:\Users\user\AppData\Local\Programs\Microsoft VS Code\bin;C:\Users\user\Git\cmd
USERNAME=user
OS=Windows_NT
PROCESSOR_IDENTIFIER=Intel64 Family 6 Model 69 Stepping 1, GenuineIntel



---------------  S Y S T E M  ---------------

OS: Windows 10 , 64 bit Build 18362 (10.0.18362.959)

CPU:total 4 (initial active 4) (2 cores per cpu, 2 threads per core) family 6 model 69 stepping 1, cmov, cx8, fxsr, mmx, sse, sse2, sse3, ssse3, sse4.1, sse4.2, popcnt, avx, avx2, aes, clmul, erms, lzcnt, ht, tsc, tscinvbit, bmi1, bmi2, fma

Memory: 4k page, system-wide physical 8097M (1055M free)
TotalPageFile size 10145M (AvailPageFile size 59M)
current process WorkingSet (physical memory assigned to process): 10M, peak: 10M
current process commit charge ("private bytes"): 52M, peak: 180M

vm_info: Java HotSpot(TM) 64-Bit Server VM (13.0.2+8) for windows-amd64 JRE (13.0.2+8), built on Dec 11 2019 09:20:33 by "mach5one" with unknown MS VC++:1916

END.
